\BOOKMARK [1][-]{section.0.1}{\376\377\000F\000o\000r\000e\000w\000o\000r\000d\000s\000\040\000a\000n\000d\000\040\000A\000c\000k\000n\000o\000w\000l\000e\000d\000g\000e\000m\000e\000n\000t\000s}{}% 1
\BOOKMARK [1][-]{section.0.2}{\376\377\000D\000e\000c\000l\000a\000r\000a\000t\000i\000o\000n\000\040\000o\000f\000\040\000I\000n\000d\000e\000p\000e\000n\000d\000e\000n\000t\000\040\000W\000o\000r\000k}{}% 2
\BOOKMARK [1][-]{section.0.3}{\376\377\000F\000i\000g\000u\000r\000e\000\040\000l\000i\000s\000t}{}% 3
\BOOKMARK [1][-]{section.0.4}{\376\377\000A\000b\000b\000r\000e\000v\000i\000a\000t\000i\000o\000n\000s}{}% 4
\BOOKMARK [0][-]{chapter.1}{\376\377\000I\000n\000t\000r\000o\000d\000u\000c\000t\000i\000o\000n}{}% 5
\BOOKMARK [1][-]{section.1.1}{\376\377\000S\000t\000u\000d\000y\000\040\000A\000r\000e\000a\000\040\000o\000f\000\040\000I\000n\000t\000e\000r\000e\000s\000t}{chapter.1}% 6
\BOOKMARK [2][-]{subsection.1.1.1}{\376\377\000K\000a\000l\000o\000b\000e\000y\000e\000i\000,\000\040\000K\000a\000k\000u\000m\000a\000,\000\040\000T\000u\000r\000k\000a\000n\000a\000,\000\040\000K\000e\000n\000y\000a}{section.1.1}% 7
\BOOKMARK [2][-]{subsection.1.1.2}{\376\377\000D\000z\000a\000l\000e\000k\000a\000,\000\040\000D\000o\000w\000a\000,\000\040\000M\000a\000l\000a\000w\000i}{section.1.1}% 8
\BOOKMARK [0][-]{chapter.2}{\376\377\000L\000i\000t\000e\000r\000a\000t\000u\000r\000e\000\040\000R\000e\000v\000i\000e\000w}{}% 9
\BOOKMARK [1][-]{section.2.1}{\376\377\000R\000e\000m\000o\000t\000e\000\040\000S\000e\000n\000s\000i\000n\000g\000\040\000o\000f\000\040\000I\000n\000f\000o\000r\000m\000a\000l\000\040\000S\000e\000t\000t\000l\000e\000m\000e\000n\000t\000s}{chapter.2}% 10
\BOOKMARK [1][-]{section.2.2}{\376\377\000D\000e\000e\000p\000\040\000L\000e\000a\000r\000n\000i\000n\000g\000\040\000i\000n\000\040\000U\000r\000b\000a\000n\000\040\000R\000e\000m\000o\000t\000e\000\040\000S\000e\000n\000s\000i\000n\000g}{chapter.2}% 11
\BOOKMARK [2][-]{subsection.2.2.1}{\376\377\000C\000o\000m\000p\000u\000t\000e\000r\000\040\000V\000i\000s\000i\000o\000n\000\040\000a\000n\000d\000\040\000a\000\040\000b\000r\000i\000e\000f\000\040\000r\000e\000v\000i\000e\000w\000\040\000o\000f\000\040\000C\000o\000n\000v\000o\000l\000u\000t\000i\000o\000n\000a\000l\000\040\000N\000e\000u\000r\000a\000l\000\040\000N\000e\000t\000w\000o\000r\000k\000s}{section.2.2}% 12
\BOOKMARK [2][-]{subsection.2.2.2}{\376\377\000U\000A\000V\000-\000b\000a\000s\000e\000d\000\040\000i\000n\000f\000o\000r\000m\000a\000l\000\040\000s\000e\000t\000t\000l\000e\000m\000e\000n\000t\000\040\000s\000e\000g\000m\000e\000n\000t\000a\000t\000i\000o\000n}{section.2.2}% 13
\BOOKMARK [2][-]{subsection.2.2.3}{\376\377\000F\000u\000n\000d\000a\000m\000e\000n\000t\000a\000l\000s\000\040\000o\000f\000\040\000D\000e\000e\000p\000\040\000L\000e\000a\000r\000n\000i\000n\000g\000\040\000a\000n\000d\000\040\000C\000o\000n\000v\000o\000l\000u\000t\000i\000o\000n\000a\000l\000\040\000N\000e\000u\000r\000a\000l\000\040\000N\000e\000t\000w\000o\000r\000k\000s}{section.2.2}% 14
\BOOKMARK [0][-]{chapter.3}{\376\377\000D\000a\000t\000a\000\040\000a\000n\000d\000\040\000M\000e\000t\000h\000o\000d\000o\000l\000o\000g\000i\000e\000s}{}% 15
\BOOKMARK [1][-]{section.3.1}{\376\377\000D\000a\000t\000a}{chapter.3}% 16
\BOOKMARK [2][-]{subsection.3.1.1}{\376\377\000R\000a\000s\000t\000e\000r\000\040\000p\000r\000e\000-\000p\000r\000o\000c\000e\000s\000s\000i\000n\000g}{section.3.1}% 17
\BOOKMARK [2][-]{subsection.3.1.2}{\376\377\000D\000a\000t\000a\000\040\000A\000u\000g\000m\000e\000n\000t\000a\000t\000i\000o\000n}{section.3.1}% 18
\BOOKMARK [1][-]{section.3.2}{\376\377\000R\000e\000s\000e\000a\000r\000c\000h\000\040\000Q\000u\000e\000s\000t\000i\000o\000n\000s\000\040\000a\000n\000d\000\040\000e\000x\000p\000e\000r\000i\000m\000e\000n\000t\000\040\000d\000e\000s\000i\000g\000n}{chapter.3}% 19
\BOOKMARK [1][-]{section.3.3}{\376\377\000A\000r\000c\000h\000i\000t\000e\000c\000t\000u\000r\000e\000\040\000a\000n\000d\000\040\000h\000y\000p\000e\000r\000p\000a\000r\000a\000m\000e\000t\000e\000r\000\040\000s\000e\000l\000e\000c\000t\000i\000o\000n}{chapter.3}% 20
\BOOKMARK [2][-]{subsection.3.3.1}{\376\377\000T\000h\000e\000\040\000U\000-\000N\000e\000t\000\040\000a\000n\000d\000\040\000U\000-\000N\000e\000t\000\040\000v\000a\000r\000i\000a\000n\000t\000s}{section.3.3}% 21
\BOOKMARK [1][-]{section.3.4}{\376\377\000H\000y\000p\000e\000r\000p\000a\000r\000a\000m\000e\000t\000e\000r\000s\000\040\000a\000n\000d\000\040\000b\000a\000s\000e\000l\000i\000n\000e\000\040\000m\000o\000d\000e\000l\000\040\000p\000e\000r\000f\000o\000r\000a\000m\000c\000e}{chapter.3}% 22
\BOOKMARK [1][-]{section.3.5}{\376\377\000A\000c\000c\000u\000r\000a\000c\000y\000\040\000A\000s\000s\000e\000s\000s\000m\000e\000n\000t}{chapter.3}% 23
\BOOKMARK [2][-]{subsection.3.5.1}{\376\377\000P\000r\000e\000c\000i\000s\000i\000o\000n\000,\000\040\000R\000e\000c\000a\000l\000l\000,\000\040\000S\000e\000n\000s\000i\000t\000i\000v\000i\000t\000y\000,\000\040\000a\000n\000d\000\040\000S\000p\000e\000c\000i\000f\000i\000c\000i\000t\000y}{section.3.5}% 24
\BOOKMARK [2][-]{subsection.3.5.2}{\376\377\000O\000v\000e\000r\000a\000l\000l\000\040\000A\000c\000c\000u\000r\000a\000c\000y\000,\000\040\000D\000i\000c\000e\000\040\000S\000c\000o\000r\000e\000,\000\040\000a\000n\000d\000\040\000I\000n\000t\000e\000r\000s\000e\000c\000t\000i\000o\000n\000-\000o\000v\000e\000r\000-\000U\000n\000i\000o\000n}{section.3.5}% 25
\BOOKMARK [1][-]{section.3.6}{\376\377\000E\000x\000p\000e\000r\000i\000m\000e\000n\000t\000a\000t\000i\000o\000n\000\040\000s\000e\000t\000u\000p}{chapter.3}% 26
\BOOKMARK [2][-]{subsection.3.6.1}{\376\377\000P\000r\000o\000j\000e\000c\000t\000\040\000w\000o\000r\000k\000f\000l\000o\000w}{section.3.6}% 27
\BOOKMARK [0][-]{chapter.4}{\376\377\000F\000i\000n\000d\000i\000n\000g\000s\000\040\000a\000n\000d\000\040\000D\000i\000s\000c\000u\000s\000s\000i\000o\000n}{}% 28
\BOOKMARK [1][-]{section.4.1}{\376\377\000D\000e\000p\000t\000h\000-\000w\000i\000s\000e\000\040\000P\000r\000e\000c\000i\000s\000i\000o\000n\000\040\000a\000n\000d\000\040\000R\000e\000c\000a\000l\000l\000\040\000c\000h\000a\000n\000g\000e}{chapter.4}% 29
\BOOKMARK [1][-]{section.4.2}{\376\377\000D\000a\000t\000a\000s\000e\000t\000-\000w\000i\000s\000e\000\040\000P\000r\000e\000c\000i\000s\000i\000o\000n\000\040\000a\000n\000d\000\040\000R\000e\000c\000a\000l\000l\000\040\000c\000h\000a\000n\000g\000e}{chapter.4}% 30
\BOOKMARK [1][-]{section.4.3}{\376\377\000I\000n\000i\000t\000i\000a\000l\000i\000s\000e\000d\000\040\000w\000e\000i\000g\000h\000t\000\040\000P\000r\000e\000c\000i\000s\000i\000o\000n\000\040\000a\000n\000d\000\040\000R\000e\000c\000a\000l\000l\000\040\000c\000h\000a\000n\000g\000e}{chapter.4}% 31
\BOOKMARK [0][-]{chapter.5}{\376\377\000C\000o\000n\000c\000l\000u\000s\000i\000o\000n}{}% 32
\BOOKMARK [0][-]{chapter.6}{\376\377\000B\000i\000b\000l\000i\000o\000g\000r\000a\000p\000h\000y}{}% 33
\BOOKMARK [1][-]{section.6.1}{\376\377\000A\000p\000p\000e\000n\000d\000i\000x}{chapter.6}% 34
